2025-11-26 21:36:23,700 - INFO - ================================================================================
2025-11-26 21:36:23,701 - INFO - ML MODEL TRAINING INITIALIZED
2025-11-26 21:36:23,701 - INFO - ================================================================================
2025-11-26 21:36:23,708 - INFO - Loading dataset from: simulation/data/beam_vibration_dataset.csv
2025-11-26 21:36:23,714 - INFO - ✓ Dataset loaded successfully: 3000 samples, 9 features
2025-11-26 21:36:23,769 - INFO - ✓ No missing values detected
2025-11-26 21:36:23,775 - INFO - Output directory created: simulation/outputs/ml_figures
2025-11-26 21:36:25,102 - INFO - ✓ Parameter distribution plot saved
2025-11-26 21:36:25,463 - INFO - ✓ Correlation matrix saved
2025-11-26 21:36:25,922 - INFO - ✓ Damage vs frequency plot saved
2025-11-26 21:36:25,943 - INFO - Preparing features and target variables
2025-11-26 21:36:25,945 - INFO - Features shape: (3000, 5)
2025-11-26 21:36:25,946 - INFO - Target shape: (3000,)
2025-11-26 21:36:25,952 - INFO - Feature columns: ['Length', 'Width', 'Depth', 'Conc_Strength', 'Damage_Severity']
2025-11-26 21:36:25,997 - INFO - Splitting data into train and test sets (80/20)
2025-11-26 21:36:26,000 - INFO - Train set: 2400 samples
2025-11-26 21:36:26,001 - INFO - Test set: 600 samples
2025-11-26 21:36:26,008 - INFO - Applying StandardScaler to features
2025-11-26 21:36:26,011 - INFO - ✓ Feature scaling completed
2025-11-26 21:36:26,025 - INFO - 
================================================================================
2025-11-26 21:36:26,026 - INFO - Training Linear Regression
2025-11-26 21:36:26,026 - INFO - ================================================================================
2025-11-26 21:36:26,031 - INFO - ✓ Linear Regression training completed
2025-11-26 21:36:26,038 - INFO - Train MAE: 15.9297, RMSE: 20.9838, R²: 0.8338
2025-11-26 21:36:26,039 - INFO - Test MAE: 17.0490, RMSE: 22.2765, R²: 0.8284
2025-11-26 21:36:26,039 - INFO - CV R² Score: 0.8327 ± 0.0058
2025-11-26 21:36:26,045 - INFO - 
================================================================================
2025-11-26 21:36:26,045 - INFO - Training Random Forest
2025-11-26 21:36:26,045 - INFO - ================================================================================
2025-11-26 21:36:26,246 - INFO - ✓ Random Forest training completed
2025-11-26 21:36:27,219 - INFO - Train MAE: 2.2241, RMSE: 3.6514, R²: 0.9950
2025-11-26 21:36:27,219 - INFO - Test MAE: 4.6553, RMSE: 7.9916, R²: 0.9779
2025-11-26 21:36:27,219 - INFO - CV R² Score: 0.9780 ± 0.0033
2025-11-26 21:36:27,226 - INFO - 
================================================================================
2025-11-26 21:36:27,227 - INFO - Training XGBoost
2025-11-26 21:36:27,227 - INFO - ================================================================================
2025-11-26 21:36:27,795 - INFO - ✓ XGBoost training completed
2025-11-26 21:36:30,658 - INFO - Train MAE: 0.2510, RMSE: 0.3653, R²: 0.9999
2025-11-26 21:36:30,659 - INFO - Test MAE: 4.0559, RMSE: 7.3766, R²: 0.9812
2025-11-26 21:36:30,659 - INFO - CV R² Score: 0.9818 ± 0.0040
2025-11-26 21:36:30,666 - INFO - 
================================================================================
2025-11-26 21:36:30,667 - INFO - Training CatBoost
2025-11-26 21:36:30,667 - INFO - ================================================================================
2025-11-26 21:36:30,971 - INFO - ✓ CatBoost training completed
2025-11-26 21:36:32,178 - INFO - Train MAE: 1.7414, RMSE: 2.5847, R²: 0.9975
2025-11-26 21:36:32,178 - INFO - Test MAE: 3.0023, RMSE: 5.6119, R²: 0.9891
2025-11-26 21:36:32,179 - INFO - CV R² Score: 0.9894 ± 0.0019
2025-11-26 21:36:32,185 - INFO - 
================================================================================
2025-11-26 21:36:32,185 - INFO - Training SVR
2025-11-26 21:36:32,186 - INFO - ================================================================================
2025-11-26 21:36:32,818 - INFO - ✓ SVR training completed
2025-11-26 21:36:35,098 - INFO - Train MAE: 2.9658, RMSE: 5.7405, R²: 0.9876
2025-11-26 21:36:35,098 - INFO - Test MAE: 3.7959, RMSE: 7.5078, R²: 0.9805
2025-11-26 21:36:35,098 - INFO - CV R² Score: 0.9832 ± 0.0024
2025-11-26 21:36:35,108 - INFO - ✓ Results saved to CSV
2025-11-26 21:36:35,549 - INFO - ✓ Model comparison plot saved
2025-11-26 21:36:36,516 - INFO - ✓ Prediction vs actual plot saved
2025-11-26 21:36:36,976 - INFO - ✓ Residual plots saved
2025-11-26 21:36:37,418 - INFO - ✓ Feature importance plot saved
2025-11-26 21:36:37,426 - INFO - 
Performing SHAP analysis for best model: CatBoost
2025-11-26 21:36:38,162 - INFO - ✓ SHAP summary plot saved
2025-11-26 21:36:38,173 - INFO - ✓ Best model (CatBoost) saved to simulation/models
2025-11-26 21:36:38,173 - INFO - ✓ Scaler saved to simulation/models
2025-11-26 21:36:38,189 - INFO - 
================================================================================
2025-11-26 21:36:38,189 - INFO - ML TRAINING COMPLETED SUCCESSFULLY
2025-11-26 21:36:38,190 - INFO - ================================================================================
2025-11-26 21:36:38,190 - INFO - Best Model: CatBoost (R² = 0.9891)
